<?xml version="1.0" encoding="UTF-8"?>
<!-- Generated by org.testng.reporters.JUnitXMLReporter -->
<testsuite hostname="LAPTOP-C5CTO61G" ignored="45" name="Default test" tests="1" failures="1" timestamp="2023-01-09T16:44:39 IST" time="5.767" errors="0">
  <testcase name="check_if_user_follows_artists_or_users" time="5.68" classname="Spotify.Automation.spotify_Api">
    <failure type="java.lang.AssertionError" message="1 expectation failed.
Expected status code &amp;lt;200&amp;gt; but was &amp;lt;403&amp;gt;.
">
      <![CDATA[java.lang.AssertionError: 1 expectation failed.
Expected status code <200> but was <403>.

at sun.reflect.NativeConstructorAccessorImpl.newInstance0(Native Method)
at sun.reflect.NativeConstructorAccessorImpl.newInstance(NativeConstructorAccessorImpl.java:62)
at sun.reflect.DelegatingConstructorAccessorImpl.newInstance(DelegatingConstructorAccessorImpl.java:45)
at java.lang.reflect.Constructor.newInstance(Constructor.java:423)
at org.codehaus.groovy.reflection.CachedConstructor.invoke(CachedConstructor.java:72)
at org.codehaus.groovy.reflection.CachedConstructor.doConstructorInvoke(CachedConstructor.java:59)
at org.codehaus.groovy.runtime.callsite.ConstructorSite$ConstructorSiteNoUnwrap.callConstructor(ConstructorSite.java:84)
at org.codehaus.groovy.runtime.callsite.CallSiteArray.defaultCallConstructor(CallSiteArray.java:59)
at org.codehaus.groovy.runtime.callsite.AbstractCallSite.callConstructor(AbstractCallSite.java:263)
at org.codehaus.groovy.runtime.callsite.AbstractCallSite.callConstructor(AbstractCallSite.java:277)
at io.restassured.internal.ResponseSpecificationImpl$HamcrestAssertionClosure.validate(ResponseSpecificationImpl.groovy:499)
at io.restassured.internal.ResponseSpecificationImpl$HamcrestAssertionClosure$validate$1.call(Unknown Source)
at org.codehaus.groovy.runtime.callsite.CallSiteArray.defaultCall(CallSiteArray.java:47)
at org.codehaus.groovy.runtime.callsite.AbstractCallSite.call(AbstractCallSite.java:125)
at org.codehaus.groovy.runtime.callsite.AbstractCallSite.call(AbstractCallSite.java:139)
at io.restassured.internal.ResponseSpecificationImpl.validateResponseIfRequired(ResponseSpecificationImpl.groovy:684)
at sun.reflect.NativeMethodAccessorImpl.invoke0(Native Method)
at sun.reflect.NativeMethodAccessorImpl.invoke(NativeMethodAccessorImpl.java:62)
at sun.reflect.DelegatingMethodAccessorImpl.invoke(DelegatingMethodAccessorImpl.java:43)
at java.lang.reflect.Method.invoke(Method.java:498)
at org.codehaus.groovy.runtime.callsite.PlainObjectMetaMethodSite.doInvoke(PlainObjectMetaMethodSite.java:43)
at org.codehaus.groovy.runtime.callsite.PogoMetaMethodSite$PogoCachedMethodSiteNoUnwrapNoCoerce.invoke(PogoMetaMethodSite.java:193)
at org.codehaus.groovy.runtime.callsite.PogoMetaMethodSite.callCurrent(PogoMetaMethodSite.java:61)
at org.codehaus.groovy.runtime.callsite.CallSiteArray.defaultCallCurrent(CallSiteArray.java:51)
at org.codehaus.groovy.runtime.callsite.AbstractCallSite.callCurrent(AbstractCallSite.java:171)
at org.codehaus.groovy.runtime.callsite.AbstractCallSite.callCurrent(AbstractCallSite.java:185)
at io.restassured.internal.ResponseSpecificationImpl.statusCode(ResponseSpecificationImpl.groovy:127)
at io.restassured.specification.ResponseSpecification$statusCode$0.callCurrent(Unknown Source)
at org.codehaus.groovy.runtime.callsite.CallSiteArray.defaultCallCurrent(CallSiteArray.java:51)
at org.codehaus.groovy.runtime.callsite.AbstractCallSite.callCurrent(AbstractCallSite.java:171)
at org.codehaus.groovy.runtime.callsite.AbstractCallSite.callCurrent(AbstractCallSite.java:185)
at io.restassured.internal.ResponseSpecificationImpl.statusCode(ResponseSpecificationImpl.groovy:135)
at io.restassured.internal.ValidatableResponseOptionsImpl.statusCode(ValidatableResponseOptionsImpl.java:89)
at io.restassured.internal.ValidatableResponseImpl.super$2$statusCode(ValidatableResponseImpl.groovy)
at sun.reflect.NativeMethodAccessorImpl.invoke0(Native Method)
at sun.reflect.NativeMethodAccessorImpl.invoke(NativeMethodAccessorImpl.java:62)
at sun.reflect.DelegatingMethodAccessorImpl.invoke(DelegatingMethodAccessorImpl.java:43)
at java.lang.reflect.Method.invoke(Method.java:498)
at org.codehaus.groovy.reflection.CachedMethod.invoke(CachedMethod.java:107)
at groovy.lang.MetaMethod.doMethodInvoke(MetaMethod.java:323)
at groovy.lang.MetaClassImpl.invokeMethod(MetaClassImpl.java:1268)
at org.codehaus.groovy.runtime.ScriptBytecodeAdapter.invokeMethodOnSuperN(ScriptBytecodeAdapter.java:144)
at io.restassured.internal.ValidatableResponseImpl.statusCode(ValidatableResponseImpl.groovy:142)
at io.restassured.internal.ValidatableResponseImpl.statusCode(ValidatableResponseImpl.groovy)
at Spotify.Automation.spotify_Api.check_if_user_follows_artists_or_users(spotify_Api.java:508)
at sun.reflect.NativeMethodAccessorImpl.invoke0(Native Method)
at sun.reflect.NativeMethodAccessorImpl.invoke(NativeMethodAccessorImpl.java:62)
at sun.reflect.DelegatingMethodAccessorImpl.invoke(DelegatingMethodAccessorImpl.java:43)
at java.lang.reflect.Method.invoke(Method.java:498)
at org.testng.internal.MethodInvocationHelper.invokeMethod(MethodInvocationHelper.java:133)
at org.testng.internal.TestInvoker.invokeMethod(TestInvoker.java:598)
at org.testng.internal.TestInvoker.invokeTestMethod(TestInvoker.java:173)
at org.testng.internal.MethodRunner.runInSequence(MethodRunner.java:46)
at org.testng.internal.TestInvoker$MethodInvocationAgent.invoke(TestInvoker.java:824)
at org.testng.internal.TestInvoker.invokeTestMethods(TestInvoker.java:146)
at org.testng.internal.TestMethodWorker.invokeTestMethods(TestMethodWorker.java:146)
at org.testng.internal.TestMethodWorker.run(TestMethodWorker.java:128)
at java.util.ArrayList.forEach(ArrayList.java:1257)
at org.testng.TestRunner.privateRun(TestRunner.java:794)
at org.testng.TestRunner.run(TestRunner.java:596)
at org.testng.SuiteRunner.runTest(SuiteRunner.java:377)
at org.testng.SuiteRunner.runSequentially(SuiteRunner.java:371)
at org.testng.SuiteRunner.privateRun(SuiteRunner.java:332)
at org.testng.SuiteRunner.run(SuiteRunner.java:276)
at org.testng.SuiteRunnerWorker.runSuite(SuiteRunnerWorker.java:53)
at org.testng.SuiteRunnerWorker.run(SuiteRunnerWorker.java:96)
at org.testng.TestNG.runSuitesSequentially(TestNG.java:1212)
at org.testng.TestNG.runSuitesLocally(TestNG.java:1134)
at org.testng.TestNG.runSuites(TestNG.java:1063)
at org.testng.TestNG.run(TestNG.java:1031)
at org.testng.remote.AbstractRemoteTestNG.run(AbstractRemoteTestNG.java:115)
at org.testng.remote.RemoteTestNG.initAndRun(RemoteTestNG.java:251)
at org.testng.remote.RemoteTestNG.main(RemoteTestNG.java:77)
]]>
    </failure>
  </testcase> <!-- check_if_user_follows_artists_or_users -->
  <testcase name="get_singal_browse_category" time="0.0" classname="Spotify.Automation.spotify_Api">
    <ignored/>
  </testcase> <!-- get_singal_browse_category -->
  <testcase name="get_several_audiobooks" time="0.0" classname="Spotify.Automation.spotify_Api">
    <ignored/>
  </testcase> <!-- get_several_audiobooks -->
  <testcase name="check_users_saved_tracks" time="0.0" classname="Spotify.Automation.spotify_Api">
    <ignored/>
  </testcase> <!-- check_users_saved_tracks -->
  <testcase name="get_new_releases" time="0.0" classname="Spotify.Automation.spotify_Api">
    <ignored/>
  </testcase> <!-- get_new_releases -->
  <testcase name="get_several_browse_category" time="0.0" classname="Spotify.Automation.spotify_Api">
    <ignored/>
  </testcase> <!-- get_several_browse_category -->
  <testcase name="Get_Tracks_Audio_Features" time="0.0" classname="Spotify.Automation.spotify_Api">
    <ignored/>
  </testcase> <!-- Get_Tracks_Audio_Features -->
  <testcase name="get_episodes" time="0.0" classname="Spotify.Automation.spotify_Api">
    <ignored/>
  </testcase> <!-- get_episodes -->
  <testcase name="get_current_users_profile" time="0.0" classname="Spotify.Automation.spotify_Api">
    <ignored/>
  </testcase> <!-- get_current_users_profile -->
  <testcase name="get_recently_played__tracks" time="0.0" classname="Spotify.Automation.spotify_Api">
    <ignored/>
  </testcase> <!-- get_recently_played__tracks -->
  <testcase name="follow_arists_or_users" time="0.0" classname="Spotify.Automation.spotify_Api">
    <ignored/>
  </testcase> <!-- follow_arists_or_users -->
  <testcase name="get_album" time="0.0" classname="Spotify.Automation.spotify_Api">
    <ignored/>
  </testcase> <!-- get_album -->
  <testcase name="search_for_item_query_param" time="0.0" classname="Spotify.Automation.spotify_Api">
    <ignored/>
  </testcase> <!-- search_for_item_query_param -->
  <testcase name="Get_Track_Audio_Features" time="0.0" classname="Spotify.Automation.spotify_Api">
    <ignored/>
  </testcase> <!-- Get_Track_Audio_Features -->
  <testcase name="get_followed_artist" time="0.0" classname="Spotify.Automation.spotify_Api">
    <ignored/>
  </testcase> <!-- get_followed_artist -->
  <testcase name="get_users_profile" time="0.0" classname="Spotify.Automation.spotify_Api">
    <ignored/>
  </testcase> <!-- get_users_profile -->
  <testcase name="create_playlists" time="0.0" classname="Spotify.Automation.spotify_Api">
    <ignored/>
  </testcase> <!-- create_playlists -->
  <testcase name="get_available_genre_seeds" time="0.0" classname="Spotify.Automation.spotify_Api">
    <ignored/>
  </testcase> <!-- get_available_genre_seeds -->
  <testcase name="save_audiobooks_for_current_users" time="0.0" classname="Spotify.Automation.spotify_Api">
    <ignored/>
  </testcase> <!-- save_audiobooks_for_current_users -->
  <testcase name="get_category_playlist" time="0.0" classname="Spotify.Automation.spotify_Api">
    <ignored/>
  </testcase> <!-- get_category_playlist -->
  <testcase name="get_users_saved_tracks" time="0.0" classname="Spotify.Automation.spotify_Api">
    <ignored/>
  </testcase> <!-- get_users_saved_tracks -->
  <testcase name="search_for_items_path_param" time="0.0" classname="Spotify.Automation.spotify_Api">
    <ignored/>
  </testcase> <!-- search_for_items_path_param -->
  <testcase name="get_available_devices" time="0.0" classname="Spotify.Automation.spotify_Api">
    <ignored/>
  </testcase> <!-- get_available_devices -->
  <testcase name="get_several_episodes" time="0.0" classname="Spotify.Automation.spotify_Api">
    <ignored/>
  </testcase> <!-- get_several_episodes -->
  <testcase name="get_plylist_items" time="0.0" classname="Spotify.Automation.spotify_Api">
    <ignored/>
  </testcase> <!-- get_plylist_items -->
  <testcase name="get_show_episodes" time="0.0" classname="Spotify.Automation.spotify_Api">
    <ignored/>
  </testcase> <!-- get_show_episodes -->
  <testcase name="get_several_chapters" time="0.0" classname="Spotify.Automation.spotify_Api">
    <ignored/>
  </testcase> <!-- get_several_chapters -->
  <testcase name="follow_playlist" time="0.0" classname="Spotify.Automation.spotify_Api">
    <ignored/>
  </testcase> <!-- follow_playlist -->
  <testcase name="get_album_tracks" time="0.0" classname="Spotify.Automation.spotify_Api">
    <ignored/>
  </testcase> <!-- get_album_tracks -->
  <testcase name="check_users_saved_albums" time="0.0" classname="Spotify.Automation.spotify_Api">
    <ignored/>
  </testcase> <!-- check_users_saved_albums -->
  <testcase name="get_several_shows" time="0.0" classname="Spotify.Automation.spotify_Api">
    <ignored/>
  </testcase> <!-- get_several_shows -->
  <testcase name="change_playlist_details" time="0.0" classname="Spotify.Automation.spotify_Api">
    <ignored/>
  </testcase> <!-- change_playlist_details -->
  <testcase name="Get_Track_Audio_Analysis" time="0.0" classname="Spotify.Automation.spotify_Api">
    <ignored/>
  </testcase> <!-- Get_Track_Audio_Analysis -->
  <testcase name="get_users_saved_shows" time="0.0" classname="Spotify.Automation.spotify_Api">
    <ignored/>
  </testcase> <!-- get_users_saved_shows -->
  <testcase name="get_recommendations" time="0.0" classname="Spotify.Automation.spotify_Api">
    <ignored/>
  </testcase> <!-- get_recommendations -->
  <testcase name="get_playlist" time="0.0" classname="Spotify.Automation.spotify_Api">
    <ignored/>
  </testcase> <!-- get_playlist -->
  <testcase name="unfollow_arists_or_users" time="0.0" classname="Spotify.Automation.spotify_Api">
    <ignored/>
  </testcase> <!-- unfollow_arists_or_users -->
  <testcase name="get_featured_playlist" time="0.0" classname="Spotify.Automation.spotify_Api">
    <ignored/>
  </testcase> <!-- get_featured_playlist -->
  <testcase name="get_shows" time="0.0" classname="Spotify.Automation.spotify_Api">
    <ignored/>
  </testcase> <!-- get_shows -->
  <testcase name="get_available_markets" time="0.0" classname="Spotify.Automation.spotify_Api">
    <ignored/>
  </testcase> <!-- get_available_markets -->
  <testcase name="Get_Current_User_Playlists" time="0.0" classname="Spotify.Automation.spotify_Api">
    <ignored/>
  </testcase> <!-- Get_Current_User_Playlists -->
  <testcase name="get_tracks" time="0.0" classname="Spotify.Automation.spotify_Api">
    <ignored/>
  </testcase> <!-- get_tracks -->
  <testcase name="unfollow_playlist" time="0.0" classname="Spotify.Automation.spotify_Api">
    <ignored/>
  </testcase> <!-- unfollow_playlist -->
  <testcase name="get_several_albums" time="0.0" classname="Spotify.Automation.spotify_Api">
    <ignored/>
  </testcase> <!-- get_several_albums -->
  <testcase name="get_seversl_tracks" time="0.0" classname="Spotify.Automation.spotify_Api">
    <ignored/>
  </testcase> <!-- get_seversl_tracks -->
  <testcase name="get_users_playlists" time="0.0" classname="Spotify.Automation.spotify_Api">
    <ignored/>
  </testcase> <!-- get_users_playlists -->
</testsuite> <!-- Default test -->
